{"total": {"lines":{"total":367,"covered":346,"skipped":0,"pct":94.27},"statements":{"total":373,"covered":352,"skipped":0,"pct":94.36},"functions":{"total":62,"covered":60,"skipped":0,"pct":96.77},"branches":{"total":86,"covered":63,"skipped":0,"pct":73.25},"branchesTrue":{"total":0,"covered":0,"skipped":0,"pct":100}}
,"C:\\Users\\lincn\\WebstormProjects\\jwt-pizza-service\\src\\config.js": {"lines":{"total":1,"covered":1,"skipped":0,"pct":100},"functions":{"total":0,"covered":0,"skipped":0,"pct":100},"statements":{"total":1,"covered":1,"skipped":0,"pct":100},"branches":{"total":0,"covered":0,"skipped":0,"pct":100}}
,"C:\\Users\\lincn\\WebstormProjects\\jwt-pizza-service\\src\\endpointHelper.js": {"lines":{"total":5,"covered":5,"skipped":0,"pct":100},"functions":{"total":3,"covered":3,"skipped":0,"pct":100},"statements":{"total":6,"covered":6,"skipped":0,"pct":100},"branches":{"total":0,"covered":0,"skipped":0,"pct":100}}
,"C:\\Users\\lincn\\WebstormProjects\\jwt-pizza-service\\src\\service.js": {"lines":{"total":32,"covered":32,"skipped":0,"pct":100},"functions":{"total":5,"covered":5,"skipped":0,"pct":100},"statements":{"total":32,"covered":32,"skipped":0,"pct":100},"branches":{"total":4,"covered":4,"skipped":0,"pct":100}}
,"C:\\Users\\lincn\\WebstormProjects\\jwt-pizza-service\\src\\database\\database.js": {"lines":{"total":193,"covered":176,"skipped":0,"pct":91.19},"functions":{"total":28,"covered":28,"skipped":0,"pct":100},"statements":{"total":194,"covered":177,"skipped":0,"pct":91.23},"branches":{"total":43,"covered":25,"skipped":0,"pct":58.13}}
,"C:\\Users\\lincn\\WebstormProjects\\jwt-pizza-service\\src\\database\\dbModel.js": {"lines":{"total":2,"covered":2,"skipped":0,"pct":100},"functions":{"total":0,"covered":0,"skipped":0,"pct":100},"statements":{"total":2,"covered":2,"skipped":0,"pct":100},"branches":{"total":0,"covered":0,"skipped":0,"pct":100}}
,"C:\\Users\\lincn\\WebstormProjects\\jwt-pizza-service\\src\\model\\model.js": {"lines":{"total":2,"covered":2,"skipped":0,"pct":100},"functions":{"total":0,"covered":0,"skipped":0,"pct":100},"statements":{"total":2,"covered":2,"skipped":0,"pct":100},"branches":{"total":0,"covered":0,"skipped":0,"pct":100}}
,"C:\\Users\\lincn\\WebstormProjects\\jwt-pizza-service\\src\\routes\\authRouter.js": {"lines":{"total":45,"covered":43,"skipped":0,"pct":95.55},"functions":{"total":10,"covered":10,"skipped":0,"pct":100},"statements":{"total":47,"covered":45,"skipped":0,"pct":95.74},"branches":{"total":15,"covered":12,"skipped":0,"pct":80}}
,"C:\\Users\\lincn\\WebstormProjects\\jwt-pizza-service\\src\\routes\\franchiseRouter.js": {"lines":{"total":39,"covered":39,"skipped":0,"pct":100},"functions":{"total":8,"covered":8,"skipped":0,"pct":100},"statements":{"total":41,"covered":41,"skipped":0,"pct":100},"branches":{"total":16,"covered":14,"skipped":0,"pct":87.5}}
,"C:\\Users\\lincn\\WebstormProjects\\jwt-pizza-service\\src\\routes\\orderRouter.js": {"lines":{"total":26,"covered":26,"skipped":0,"pct":100},"functions":{"total":4,"covered":4,"skipped":0,"pct":100},"statements":{"total":26,"covered":26,"skipped":0,"pct":100},"branches":{"total":4,"covered":4,"skipped":0,"pct":100}}
,"C:\\Users\\lincn\\WebstormProjects\\jwt-pizza-service\\src\\routes\\userRouter.js": {"lines":{"total":22,"covered":20,"skipped":0,"pct":90.9},"functions":{"total":4,"covered":2,"skipped":0,"pct":50},"statements":{"total":22,"covered":20,"skipped":0,"pct":90.9},"branches":{"total":4,"covered":4,"skipped":0,"pct":100}}
}
